{"/Users/macpro/netflix/src/component/app/app.tsx": {"path":"/Users/macpro/netflix/src/component/app/app.tsx","statementMap":{"0":{"start":{"line":1,"column":0},"end":{"line":1,"column":30}},"1":{"start":{"line":2,"column":0},"end":{"line":2,"column":33}},"2":{"start":{"line":3,"column":0},"end":{"line":3,"column":75}},"3":{"start":{"line":4,"column":0},"end":{"line":4,"column":19}},"4":{"start":{"line":5,"column":0},"end":{"line":5,"column":40}},"5":{"start":{"line":6,"column":0},"end":{"line":6,"column":36}},"6":{"start":{"line":7,"column":0},"end":{"line":7,"column":42}},"7":{"start":{"line":8,"column":0},"end":{"line":8,"column":39}},"8":{"start":{"line":9,"column":0},"end":{"line":9,"column":41}},"9":{"start":{"line":10,"column":0},"end":{"line":10,"column":44}},"10":{"start":{"line":22,"column":30},"end":{"line":63,"column":1}},"11":{"start":{"line":23,"column":18},"end":{"line":23,"column":30}},"12":{"start":{"line":24,"column":20},"end":{"line":24,"column":82}},"13":{"start":{"line":24,"column":62},"end":{"line":24,"column":82}},"14":{"start":{"line":25,"column":22},"end":{"line":25,"column":82}},"15":{"start":{"line":25,"column":64},"end":{"line":25,"column":82}},"16":{"start":{"line":26,"column":22},"end":{"line":26,"column":82}},"17":{"start":{"line":26,"column":64},"end":{"line":26,"column":82}},"18":{"start":{"line":27,"column":24},"end":{"line":27,"column":86}},"19":{"start":{"line":27,"column":66},"end":{"line":27,"column":86}},"20":{"start":{"line":28,"column":21},"end":{"line":28,"column":80}},"21":{"start":{"line":28,"column":63},"end":{"line":28,"column":80}},"22":{"start":{"line":29,"column":21},"end":{"line":29,"column":80}},"23":{"start":{"line":29,"column":63},"end":{"line":29,"column":80}},"24":{"start":{"line":30,"column":27},"end":{"line":30,"column":92}},"25":{"start":{"line":30,"column":69},"end":{"line":30,"column":92}},"26":{"start":{"line":32,"column":2},"end":{"line":36,"column":null}},"27":{"start":{"line":33,"column":4},"end":{"line":35,"column":null}},"28":{"start":{"line":34,"column":6},"end":{"line":34,"column":null}},"29":{"start":{"line":38,"column":2},"end":{"line":62,"column":null}},"30":{"start":{"line":44,"column":45},"end":{"line":44,"column":83}},"31":{"start":{"line":46,"column":50},"end":{"line":46,"column":101}},"32":{"start":{"line":48,"column":50},"end":{"line":48,"column":97}},"33":{"start":{"line":22,"column":13},"end":{"line":22,"column":30}}},"fnMap":{"0":{"name":"(anonymous_0)","decl":{"start":{"line":22,"column":30},"end":{"line":22,"column":null}},"loc":{"start":{"line":22,"column":30},"end":{"line":63,"column":1}}},"1":{"name":"(anonymous_1)","decl":{"start":{"line":24,"column":32},"end":{"line":24,"column":33}},"loc":{"start":{"line":24,"column":57},"end":{"line":24,"column":67}}},"2":{"name":"(anonymous_2)","decl":{"start":{"line":25,"column":34},"end":{"line":25,"column":35}},"loc":{"start":{"line":25,"column":59},"end":{"line":25,"column":69}}},"3":{"name":"(anonymous_3)","decl":{"start":{"line":26,"column":34},"end":{"line":26,"column":35}},"loc":{"start":{"line":26,"column":59},"end":{"line":26,"column":69}}},"4":{"name":"(anonymous_4)","decl":{"start":{"line":27,"column":36},"end":{"line":27,"column":37}},"loc":{"start":{"line":27,"column":61},"end":{"line":27,"column":71}}},"5":{"name":"(anonymous_5)","decl":{"start":{"line":28,"column":33},"end":{"line":28,"column":34}},"loc":{"start":{"line":28,"column":58},"end":{"line":28,"column":68}}},"6":{"name":"(anonymous_6)","decl":{"start":{"line":29,"column":33},"end":{"line":29,"column":34}},"loc":{"start":{"line":29,"column":58},"end":{"line":29,"column":68}}},"7":{"name":"(anonymous_7)","decl":{"start":{"line":30,"column":39},"end":{"line":30,"column":40}},"loc":{"start":{"line":30,"column":64},"end":{"line":30,"column":74}}},"8":{"name":"(anonymous_8)","decl":{"start":{"line":32,"column":12},"end":{"line":32,"column":null}},"loc":{"start":{"line":32,"column":12},"end":{"line":36,"column":3}}},"9":{"name":"(anonymous_9)","decl":{"start":{"line":44,"column":39},"end":{"line":44,"column":45}},"loc":{"start":{"line":44,"column":39},"end":{"line":44,"column":46}}},"10":{"name":"(anonymous_10)","decl":{"start":{"line":46,"column":39},"end":{"line":46,"column":40}},"loc":{"start":{"line":46,"column":45},"end":{"line":46,"column":51}}},"11":{"name":"(anonymous_11)","decl":{"start":{"line":48,"column":39},"end":{"line":48,"column":40}},"loc":{"start":{"line":48,"column":45},"end":{"line":48,"column":51}}}},"branchMap":{"0":{"loc":{"start":{"line":33,"column":4},"end":{"line":35,"column":null}},"type":"if","locations":[{"start":{"line":33,"column":4},"end":{"line":35,"column":null}},{"start":{"line":33,"column":4},"end":{"line":35,"column":null}}]}},"s":{"0":0,"1":0,"2":0,"3":0,"4":0,"5":0,"6":0,"7":0,"8":0,"9":0,"10":0,"11":0,"12":0,"13":0,"14":0,"15":0,"16":0,"17":0,"18":0,"19":0,"20":0,"21":0,"22":0,"23":0,"24":0,"25":0,"26":0,"27":0,"28":0,"29":0,"30":0,"31":0,"32":0,"33":0},"f":{"0":0,"1":0,"2":0,"3":0,"4":0,"5":0,"6":0,"7":0,"8":0,"9":0,"10":0,"11":0},"b":{"0":[0,0]}}
,"/Users/macpro/netflix/src/component/dumb/film-body/film-body.tsx": {"path":"/Users/macpro/netflix/src/component/dumb/film-body/film-body.tsx","statementMap":{"0":{"start":{"line":1,"column":0},"end":{"line":1,"column":30}},"1":{"start":{"line":7,"column":50},"end":{"line":24,"column":1}},"2":{"start":{"line":7,"column":63},"end":{"line":7,"column":65}},"3":{"start":{"line":8,"column":2},"end":{"line":23,"column":null}},"4":{"start":{"line":7,"column":13},"end":{"line":7,"column":50}}},"fnMap":{"0":{"name":"(anonymous_0)","decl":{"start":{"line":7,"column":50},"end":{"line":7,"column":51}},"loc":{"start":{"line":7,"column":65},"end":{"line":24,"column":1}}}},"branchMap":{},"s":{"0":0,"1":0,"2":0,"3":0,"4":0},"f":{"0":0},"b":{}}
,"/Users/macpro/netflix/src/component/dumb/film-button/film-button.tsx": {"path":"/Users/macpro/netflix/src/component/dumb/film-button/film-button.tsx","statementMap":{"0":{"start":{"line":1,"column":0},"end":{"line":1,"column":30}},"1":{"start":{"line":2,"column":0},"end":{"line":2,"column":38}},"2":{"start":{"line":4,"column":15},"end":{"line":10,"column":null}},"3":{"start":{"line":16,"column":54},"end":{"line":20,"column":1}},"4":{"start":{"line":16,"column":64},"end":{"line":16,"column":66}},"5":{"start":{"line":17,"column":2},"end":{"line":19,"column":null}},"6":{"start":{"line":18,"column":47},"end":{"line":18,"column":73}},"7":{"start":{"line":16,"column":13},"end":{"line":16,"column":54}}},"fnMap":{"0":{"name":"(anonymous_1)","decl":{"start":{"line":16,"column":54},"end":{"line":16,"column":55}},"loc":{"start":{"line":16,"column":66},"end":{"line":20,"column":1}}},"1":{"name":"(anonymous_2)","decl":{"start":{"line":18,"column":41},"end":{"line":18,"column":47}},"loc":{"start":{"line":18,"column":41},"end":{"line":18,"column":54}}}},"branchMap":{"0":{"loc":{"start":{"line":4,"column":28},"end":{"line":4,"column":null}},"type":"binary-expr","locations":[{"start":{"line":4,"column":28},"end":{"line":4,"column":null}},{"start":{"line":4,"column":28},"end":{"line":10,"column":null}}]}},"s":{"0":0,"1":0,"2":0,"3":0,"4":0,"5":0,"6":0,"7":0},"f":{"0":0,"1":0},"b":{"0":[0,0]}}
,"/Users/macpro/netflix/src/component/dumb/footer/footer.tsx": {"path":"/Users/macpro/netflix/src/component/dumb/footer/footer.tsx","statementMap":{"0":{"start":{"line":1,"column":0},"end":{"line":1,"column":30}},"1":{"start":{"line":2,"column":0},"end":{"line":2,"column":22}},"2":{"start":{"line":4,"column":33},"end":{"line":10,"column":1}},"3":{"start":{"line":5,"column":2},"end":{"line":9,"column":null}},"4":{"start":{"line":4,"column":13},"end":{"line":4,"column":33}}},"fnMap":{"0":{"name":"(anonymous_0)","decl":{"start":{"line":4,"column":33},"end":{"line":4,"column":null}},"loc":{"start":{"line":4,"column":33},"end":{"line":10,"column":1}}}},"branchMap":{},"s":{"0":0,"1":0,"2":0,"3":0,"4":0},"f":{"0":0},"b":{}}
,"/Users/macpro/netflix/src/component/dumb/loader/loader.tsx": {"path":"/Users/macpro/netflix/src/component/dumb/loader/loader.tsx","statementMap":{"0":{"start":{"line":1,"column":0},"end":{"line":1,"column":30}},"1":{"start":{"line":2,"column":0},"end":{"line":2,"column":22}},"2":{"start":{"line":4,"column":33},"end":{"line":27,"column":1}},"3":{"start":{"line":5,"column":2},"end":{"line":26,"column":null}},"4":{"start":{"line":4,"column":13},"end":{"line":4,"column":33}}},"fnMap":{"0":{"name":"(anonymous_0)","decl":{"start":{"line":4,"column":33},"end":{"line":4,"column":null}},"loc":{"start":{"line":4,"column":33},"end":{"line":27,"column":1}}}},"branchMap":{},"s":{"0":0,"1":0,"2":0,"3":0,"4":0},"f":{"0":0},"b":{}}
,"/Users/macpro/netflix/src/component/dumb/not-found/not-found.tsx": {"path":"/Users/macpro/netflix/src/component/dumb/not-found/not-found.tsx","statementMap":{"0":{"start":{"line":1,"column":0},"end":{"line":1,"column":30}},"1":{"start":{"line":2,"column":0},"end":{"line":2,"column":25}},"2":{"start":{"line":4,"column":35},"end":{"line":11,"column":1}},"3":{"start":{"line":5,"column":2},"end":{"line":10,"column":null}},"4":{"start":{"line":4,"column":13},"end":{"line":4,"column":35}}},"fnMap":{"0":{"name":"(anonymous_0)","decl":{"start":{"line":4,"column":35},"end":{"line":4,"column":null}},"loc":{"start":{"line":4,"column":35},"end":{"line":11,"column":1}}}},"branchMap":{},"s":{"0":0,"1":0,"2":0,"3":0,"4":0},"f":{"0":0},"b":{}}
,"/Users/macpro/netflix/src/component/dumb/results-body/results-body.tsx": {"path":"/Users/macpro/netflix/src/component/dumb/results-body/results-body.tsx","statementMap":{"0":{"start":{"line":1,"column":0},"end":{"line":1,"column":30}},"1":{"start":{"line":7,"column":56},"end":{"line":13,"column":1}},"2":{"start":{"line":7,"column":67},"end":{"line":7,"column":69}},"3":{"start":{"line":8,"column":2},"end":{"line":12,"column":null}},"4":{"start":{"line":7,"column":13},"end":{"line":7,"column":56}}},"fnMap":{"0":{"name":"(anonymous_0)","decl":{"start":{"line":7,"column":56},"end":{"line":7,"column":57}},"loc":{"start":{"line":7,"column":69},"end":{"line":13,"column":1}}}},"branchMap":{},"s":{"0":0,"1":0,"2":0,"3":0,"4":0},"f":{"0":0},"b":{}}
,"/Users/macpro/netflix/src/component/dumb/results-body-container/results-body-container.tsx": {"path":"/Users/macpro/netflix/src/component/dumb/results-body-container/results-body-container.tsx","statementMap":{"0":{"start":{"line":1,"column":0},"end":{"line":1,"column":30}},"1":{"start":{"line":2,"column":0},"end":{"line":2,"column":33}},"2":{"start":{"line":3,"column":0},"end":{"line":3,"column":45}},"3":{"start":{"line":4,"column":0},"end":{"line":4,"column":38}},"4":{"start":{"line":5,"column":0},"end":{"line":5,"column":45}},"5":{"start":{"line":6,"column":0},"end":{"line":6,"column":39}},"6":{"start":{"line":9,"column":34},"end":{"line":15,"column":null}},"7":{"start":{"line":17,"column":93},"end":{"line":53,"column":1}},"8":{"start":{"line":17,"column":107},"end":{"line":17,"column":109}},"9":{"start":{"line":17,"column":115},"end":{"line":17,"column":117}},"10":{"start":{"line":17,"column":130},"end":{"line":17,"column":132}},"11":{"start":{"line":17,"column":148},"end":{"line":17,"column":150}},"12":{"start":{"line":17,"column":162},"end":{"line":17,"column":164}},"13":{"start":{"line":18,"column":2},"end":{"line":20,"column":null}},"14":{"start":{"line":19,"column":4},"end":{"line":19,"column":null}},"15":{"start":{"line":22,"column":2},"end":{"line":32,"column":null}},"16":{"start":{"line":23,"column":4},"end":{"line":31,"column":null}},"17":{"start":{"line":33,"column":2},"end":{"line":52,"column":null}},"18":{"start":{"line":38,"column":28},"end":{"line":47,"column":null}},"19":{"start":{"line":17,"column":13},"end":{"line":17,"column":93}}},"fnMap":{"0":{"name":"(anonymous_0)","decl":{"start":{"line":17,"column":93},"end":{"line":17,"column":94}},"loc":{"start":{"line":17,"column":164},"end":{"line":53,"column":1}}},"1":{"name":"(anonymous_1)","decl":{"start":{"line":18,"column":12},"end":{"line":18,"column":null}},"loc":{"start":{"line":18,"column":12},"end":{"line":20,"column":3}}},"2":{"name":"(anonymous_2)","decl":{"start":{"line":37,"column":41},"end":{"line":37,"column":45}},"loc":{"start":{"line":37,"column":45},"end":{"line":38,"column":29}}}},"branchMap":{"0":{"loc":{"start":{"line":22,"column":2},"end":{"line":32,"column":null}},"type":"if","locations":[{"start":{"line":22,"column":2},"end":{"line":32,"column":null}},{"start":{"line":22,"column":2},"end":{"line":32,"column":null}}]}},"s":{"0":0,"1":0,"2":0,"3":0,"4":0,"5":0,"6":0,"7":0,"8":0,"9":0,"10":0,"11":0,"12":0,"13":0,"14":0,"15":0,"16":0,"17":0,"18":0,"19":0},"f":{"0":0,"1":0,"2":0},"b":{"0":[0,0]}}
,"/Users/macpro/netflix/src/component/dumb/results-count/results-count.tsx": {"path":"/Users/macpro/netflix/src/component/dumb/results-count/results-count.tsx","statementMap":{"0":{"start":{"line":1,"column":0},"end":{"line":1,"column":30}},"1":{"start":{"line":2,"column":0},"end":{"line":2,"column":29}},"2":{"start":{"line":8,"column":58},"end":{"line":20,"column":1}},"3":{"start":{"line":8,"column":73},"end":{"line":8,"column":75}},"4":{"start":{"line":9,"column":2},"end":{"line":15,"column":null}},"5":{"start":{"line":10,"column":4},"end":{"line":14,"column":null}},"6":{"start":{"line":17,"column":2},"end":{"line":19,"column":null}},"7":{"start":{"line":8,"column":13},"end":{"line":8,"column":58}}},"fnMap":{"0":{"name":"(anonymous_0)","decl":{"start":{"line":8,"column":58},"end":{"line":8,"column":59}},"loc":{"start":{"line":8,"column":75},"end":{"line":20,"column":1}}}},"branchMap":{"0":{"loc":{"start":{"line":9,"column":2},"end":{"line":15,"column":null}},"type":"if","locations":[{"start":{"line":9,"column":2},"end":{"line":15,"column":null}},{"start":{"line":9,"column":2},"end":{"line":15,"column":null}}]}},"s":{"0":0,"1":0,"2":0,"3":0,"4":0,"5":0,"6":0,"7":0},"f":{"0":0},"b":{"0":[0,0]}}
,"/Users/macpro/netflix/src/component/dumb/results-data/results-data.tsx": {"path":"/Users/macpro/netflix/src/component/dumb/results-data/results-data.tsx","statementMap":{"0":{"start":{"line":1,"column":0},"end":{"line":1,"column":30}},"1":{"start":{"line":7,"column":56},"end":{"line":13,"column":1}},"2":{"start":{"line":7,"column":67},"end":{"line":7,"column":69}},"3":{"start":{"line":8,"column":2},"end":{"line":12,"column":null}},"4":{"start":{"line":7,"column":13},"end":{"line":7,"column":56}}},"fnMap":{"0":{"name":"(anonymous_0)","decl":{"start":{"line":7,"column":56},"end":{"line":7,"column":57}},"loc":{"start":{"line":7,"column":69},"end":{"line":13,"column":1}}}},"branchMap":{},"s":{"0":0,"1":0,"2":0,"3":0,"4":0},"f":{"0":0},"b":{}}
,"/Users/macpro/netflix/src/component/dumb/results-header/results-header.tsx": {"path":"/Users/macpro/netflix/src/component/dumb/results-header/results-header.tsx","statementMap":{"0":{"start":{"line":1,"column":0},"end":{"line":1,"column":30}},"1":{"start":{"line":2,"column":0},"end":{"line":2,"column":30}},"2":{"start":{"line":3,"column":0},"end":{"line":3,"column":58}},"3":{"start":{"line":4,"column":0},"end":{"line":4,"column":47}},"4":{"start":{"line":5,"column":0},"end":{"line":5,"column":45}},"5":{"start":{"line":6,"column":0},"end":{"line":6,"column":45}},"6":{"start":{"line":7,"column":0},"end":{"line":7,"column":51}},"7":{"start":{"line":19,"column":60},"end":{"line":59,"column":1}},"8":{"start":{"line":20,"column":14},"end":{"line":20,"column":null}},"9":{"start":{"line":21,"column":12},"end":{"line":21,"column":null}},"10":{"start":{"line":22,"column":15},"end":{"line":22,"column":null}},"11":{"start":{"line":23,"column":18},"end":{"line":23,"column":null}},"12":{"start":{"line":24,"column":12},"end":{"line":24,"column":null}},"13":{"start":{"line":25,"column":16},"end":{"line":25,"column":null}},"14":{"start":{"line":26,"column":12},"end":{"line":26,"column":null}},"15":{"start":{"line":28,"column":2},"end":{"line":58,"column":null}},"16":{"start":{"line":30,"column":6},"end":{"line":45,"column":null}},"17":{"start":{"line":47,"column":6},"end":{"line":53,"column":null}},"18":{"start":{"line":55,"column":6},"end":{"line":57,"column":null}},"19":{"start":{"line":19,"column":13},"end":{"line":19,"column":60}}},"fnMap":{"0":{"name":"(anonymous_0)","decl":{"start":{"line":19,"column":60},"end":{"line":19,"column":61}},"loc":{"start":{"line":27,"column":1},"end":{"line":59,"column":1}}}},"branchMap":{"0":{"loc":{"start":{"line":29,"column":4},"end":{"line":45,"column":null}},"type":"switch","locations":[{"start":{"line":29,"column":4},"end":{"line":45,"column":null}},{"start":{"line":46,"column":4},"end":{"line":53,"column":null}},{"start":{"line":54,"column":4},"end":{"line":57,"column":null}}]}},"s":{"0":0,"1":0,"2":0,"3":0,"4":0,"5":0,"6":0,"7":0,"8":0,"9":0,"10":0,"11":0,"12":0,"13":0,"14":0,"15":0,"16":0,"17":0,"18":0,"19":0},"f":{"0":0},"b":{"0":[0,0,0]}}
,"/Users/macpro/netflix/src/component/dumb/results-item/results-item.tsx": {"path":"/Users/macpro/netflix/src/component/dumb/results-item/results-item.tsx","statementMap":{"0":{"start":{"line":1,"column":0},"end":{"line":1,"column":30}},"1":{"start":{"line":2,"column":0},"end":{"line":2,"column":28}},"2":{"start":{"line":14,"column":56},"end":{"line":35,"column":1}},"3":{"start":{"line":15,"column":7},"end":{"line":15,"column":null}},"4":{"start":{"line":16,"column":8},"end":{"line":16,"column":null}},"5":{"start":{"line":17,"column":6},"end":{"line":17,"column":null}},"6":{"start":{"line":18,"column":9},"end":{"line":18,"column":null}},"7":{"start":{"line":19,"column":4},"end":{"line":19,"column":null}},"8":{"start":{"line":20,"column":8},"end":{"line":20,"column":null}},"9":{"start":{"line":21,"column":14},"end":{"line":21,"column":null}},"10":{"start":{"line":23,"column":2},"end":{"line":34,"column":null}},"11":{"start":{"line":24,"column":45},"end":{"line":24,"column":null}},"12":{"start":{"line":14,"column":13},"end":{"line":14,"column":56}}},"fnMap":{"0":{"name":"(anonymous_0)","decl":{"start":{"line":14,"column":56},"end":{"line":14,"column":57}},"loc":{"start":{"line":22,"column":1},"end":{"line":35,"column":1}}},"1":{"name":"(anonymous_1)","decl":{"start":{"line":24,"column":39},"end":{"line":24,"column":45}},"loc":{"start":{"line":24,"column":39},"end":{"line":24,"column":57}}}},"branchMap":{},"s":{"0":0,"1":0,"2":0,"3":0,"4":0,"5":0,"6":0,"7":0,"8":0,"9":0,"10":0,"11":0,"12":0},"f":{"0":0,"1":0},"b":{}}
,"/Users/macpro/netflix/src/component/dumb/results-related/results-related.tsx": {"path":"/Users/macpro/netflix/src/component/dumb/results-related/results-related.tsx","statementMap":{"0":{"start":{"line":1,"column":0},"end":{"line":1,"column":30}},"1":{"start":{"line":2,"column":0},"end":{"line":2,"column":31}},"2":{"start":{"line":8,"column":62},"end":{"line":12,"column":1}},"3":{"start":{"line":8,"column":81},"end":{"line":8,"column":83}},"4":{"start":{"line":9,"column":2},"end":{"line":11,"column":null}},"5":{"start":{"line":8,"column":13},"end":{"line":8,"column":62}}},"fnMap":{"0":{"name":"(anonymous_0)","decl":{"start":{"line":8,"column":62},"end":{"line":8,"column":63}},"loc":{"start":{"line":8,"column":83},"end":{"line":12,"column":1}}}},"branchMap":{},"s":{"0":0,"1":0,"2":0,"3":0,"4":0,"5":0},"f":{"0":0},"b":{}}
,"/Users/macpro/netflix/src/component/dumb/results-sort/results-sort.tsx": {"path":"/Users/macpro/netflix/src/component/dumb/results-sort/results-sort.tsx","statementMap":{"0":{"start":{"line":1,"column":0},"end":{"line":1,"column":30}},"1":{"start":{"line":2,"column":0},"end":{"line":2,"column":28}},"2":{"start":{"line":11,"column":56},"end":{"line":39,"column":1}},"3":{"start":{"line":12,"column":15},"end":{"line":12,"column":null}},"4":{"start":{"line":13,"column":12},"end":{"line":13,"column":null}},"5":{"start":{"line":14,"column":16},"end":{"line":14,"column":null}},"6":{"start":{"line":15,"column":12},"end":{"line":15,"column":null}},"7":{"start":{"line":17,"column":2},"end":{"line":38,"column":null}},"8":{"start":{"line":19,"column":6},"end":{"line":25,"column":null}},"9":{"start":{"line":23,"column":37},"end":{"line":23,"column":114}},"10":{"start":{"line":23,"column":49},"end":{"line":23,"column":114}},"11":{"start":{"line":27,"column":6},"end":{"line":33,"column":null}},"12":{"start":{"line":30,"column":37},"end":{"line":30,"column":114}},"13":{"start":{"line":30,"column":49},"end":{"line":30,"column":114}},"14":{"start":{"line":35,"column":6},"end":{"line":37,"column":null}},"15":{"start":{"line":11,"column":13},"end":{"line":11,"column":56}}},"fnMap":{"0":{"name":"(anonymous_13)","decl":{"start":{"line":11,"column":56},"end":{"line":11,"column":57}},"loc":{"start":{"line":16,"column":1},"end":{"line":39,"column":1}}},"1":{"name":"(anonymous_14)","decl":{"start":{"line":23,"column":37},"end":{"line":23,"column":49}},"loc":{"start":{"line":23,"column":37},"end":{"line":23,"column":114}}},"2":{"name":"(anonymous_17)","decl":{"start":{"line":30,"column":37},"end":{"line":30,"column":49}},"loc":{"start":{"line":30,"column":37},"end":{"line":30,"column":114}}}},"branchMap":{"0":{"loc":{"start":{"line":18,"column":4},"end":{"line":25,"column":null}},"type":"switch","locations":[{"start":{"line":18,"column":4},"end":{"line":25,"column":null}},{"start":{"line":26,"column":4},"end":{"line":33,"column":null}},{"start":{"line":34,"column":4},"end":{"line":37,"column":null}}]},"1":{"loc":{"start":{"line":23,"column":49},"end":{"line":23,"column":114}},"type":"switch","locations":[{"start":{"line":23,"column":49},"end":{"line":23,"column":114}},{"start":{"line":23,"column":49},"end":{"line":23,"column":114}}]},"2":{"loc":{"start":{"line":30,"column":49},"end":{"line":30,"column":114}},"type":"switch","locations":[{"start":{"line":30,"column":49},"end":{"line":30,"column":114}},{"start":{"line":30,"column":49},"end":{"line":30,"column":114}}]}},"s":{"0":0,"1":0,"2":0,"3":0,"4":0,"5":0,"6":0,"7":0,"8":0,"9":0,"10":0,"11":0,"12":0,"13":0,"14":0,"15":0},"f":{"0":0,"1":0,"2":0},"b":{"0":[0,0,0],"1":[0,0],"2":[0,0]}}
,"/Users/macpro/netflix/src/component/dumb/search-button/search-button.tsx": {"path":"/Users/macpro/netflix/src/component/dumb/search-button/search-button.tsx","statementMap":{"0":{"start":{"line":1,"column":0},"end":{"line":1,"column":30}},"1":{"start":{"line":2,"column":0},"end":{"line":2,"column":29}},"2":{"start":{"line":11,"column":58},"end":{"line":19,"column":1}},"3":{"start":{"line":11,"column":68},"end":{"line":11,"column":70}},"4":{"start":{"line":11,"column":77},"end":{"line":11,"column":79}},"5":{"start":{"line":11,"column":90},"end":{"line":11,"column":92}},"6":{"start":{"line":11,"column":108},"end":{"line":11,"column":110}},"7":{"start":{"line":12,"column":2},"end":{"line":18,"column":null}},"8":{"start":{"line":14,"column":10},"end":{"line":16,"column":null}},"9":{"start":{"line":15,"column":12},"end":{"line":15,"column":null}},"10":{"start":{"line":11,"column":13},"end":{"line":11,"column":58}}},"fnMap":{"0":{"name":"(anonymous_0)","decl":{"start":{"line":11,"column":58},"end":{"line":11,"column":59}},"loc":{"start":{"line":11,"column":110},"end":{"line":19,"column":1}}},"1":{"name":"(anonymous_1)","decl":{"start":{"line":13,"column":25},"end":{"line":13,"column":null}},"loc":{"start":{"line":13,"column":25},"end":{"line":17,"column":9}}}},"branchMap":{"0":{"loc":{"start":{"line":14,"column":10},"end":{"line":16,"column":null}},"type":"if","locations":[{"start":{"line":14,"column":10},"end":{"line":16,"column":null}},{"start":{"line":14,"column":10},"end":{"line":16,"column":null}}]}},"s":{"0":0,"1":0,"2":0,"3":0,"4":0,"5":0,"6":0,"7":0,"8":0,"9":0,"10":0},"f":{"0":0,"1":0},"b":{"0":[0,0]}}
,"/Users/macpro/netflix/src/component/dumb/search-filter/search-filter.tsx": {"path":"/Users/macpro/netflix/src/component/dumb/search-filter/search-filter.tsx","statementMap":{"0":{"start":{"line":1,"column":0},"end":{"line":1,"column":30}},"1":{"start":{"line":2,"column":0},"end":{"line":2,"column":29}},"2":{"start":{"line":9,"column":58},"end":{"line":31,"column":1}},"3":{"start":{"line":9,"column":71},"end":{"line":9,"column":73}},"4":{"start":{"line":9,"column":80},"end":{"line":9,"column":82}},"5":{"start":{"line":10,"column":2},"end":{"line":20,"column":4}},"6":{"start":{"line":11,"column":4},"end":{"line":19,"column":null}},"7":{"start":{"line":16,"column":18},"end":{"line":16,"column":null}},"8":{"start":{"line":20,"column":4},"end":{"line":30,"column":null}},"9":{"start":{"line":21,"column":4},"end":{"line":29,"column":null}},"10":{"start":{"line":25,"column":18},"end":{"line":25,"column":null}},"11":{"start":{"line":9,"column":13},"end":{"line":9,"column":58}}},"fnMap":{"0":{"name":"(anonymous_0)","decl":{"start":{"line":9,"column":58},"end":{"line":9,"column":59}},"loc":{"start":{"line":9,"column":82},"end":{"line":31,"column":1}}},"1":{"name":"(anonymous_1)","decl":{"start":{"line":15,"column":33},"end":{"line":15,"column":null}},"loc":{"start":{"line":15,"column":33},"end":{"line":17,"column":17}}},"2":{"name":"(anonymous_2)","decl":{"start":{"line":24,"column":33},"end":{"line":24,"column":null}},"loc":{"start":{"line":24,"column":33},"end":{"line":26,"column":17}}}},"branchMap":{"0":{"loc":{"start":{"line":10,"column":2},"end":{"line":20,"column":4}},"type":"if","locations":[{"start":{"line":10,"column":2},"end":{"line":20,"column":4}},{"start":{"line":10,"column":2},"end":{"line":20,"column":4}}]},"1":{"loc":{"start":{"line":20,"column":4},"end":{"line":30,"column":null}},"type":"if","locations":[{"start":{"line":20,"column":4},"end":{"line":30,"column":null}},{"start":{"line":20,"column":4},"end":{"line":30,"column":null}}]}},"s":{"0":0,"1":0,"2":0,"3":0,"4":0,"5":0,"6":0,"7":0,"8":0,"9":0,"10":0,"11":0},"f":{"0":0,"1":0,"2":0},"b":{"0":[0,0],"1":[0,0]}}
,"/Users/macpro/netflix/src/component/dumb/search-heading-find/search-heading-find.tsx": {"path":"/Users/macpro/netflix/src/component/dumb/search-heading-find/search-heading-find.tsx","statementMap":{"0":{"start":{"line":1,"column":0},"end":{"line":1,"column":30}},"1":{"start":{"line":2,"column":0},"end":{"line":2,"column":35}},"2":{"start":{"line":8,"column":68},"end":{"line":15,"column":1}},"3":{"start":{"line":8,"column":79},"end":{"line":8,"column":81}},"4":{"start":{"line":9,"column":2},"end":{"line":14,"column":null}},"5":{"start":{"line":8,"column":13},"end":{"line":8,"column":68}}},"fnMap":{"0":{"name":"(anonymous_0)","decl":{"start":{"line":8,"column":68},"end":{"line":8,"column":69}},"loc":{"start":{"line":8,"column":81},"end":{"line":15,"column":1}}}},"branchMap":{},"s":{"0":0,"1":0,"2":0,"3":0,"4":0,"5":0},"f":{"0":0},"b":{}}
,"/Users/macpro/netflix/src/component/dumb/search-heading-netflix/search-heading-netflix.tsx": {"path":"/Users/macpro/netflix/src/component/dumb/search-heading-netflix/search-heading-netflix.tsx","statementMap":{"0":{"start":{"line":1,"column":0},"end":{"line":1,"column":30}},"1":{"start":{"line":2,"column":0},"end":{"line":2,"column":37}},"2":{"start":{"line":8,"column":74},"end":{"line":15,"column":1}},"3":{"start":{"line":8,"column":85},"end":{"line":8,"column":87}},"4":{"start":{"line":9,"column":2},"end":{"line":14,"column":null}},"5":{"start":{"line":8,"column":13},"end":{"line":8,"column":74}}},"fnMap":{"0":{"name":"(anonymous_0)","decl":{"start":{"line":8,"column":74},"end":{"line":8,"column":75}},"loc":{"start":{"line":8,"column":87},"end":{"line":15,"column":1}}}},"branchMap":{},"s":{"0":0,"1":0,"2":0,"3":0,"4":0,"5":0},"f":{"0":0},"b":{}}
,"/Users/macpro/netflix/src/component/dumb/search-input/search-input.tsx": {"path":"/Users/macpro/netflix/src/component/dumb/search-input/search-input.tsx","statementMap":{"0":{"start":{"line":1,"column":0},"end":{"line":1,"column":30}},"1":{"start":{"line":2,"column":0},"end":{"line":2,"column":28}},"2":{"start":{"line":13,"column":56},"end":{"line":24,"column":1}},"3":{"start":{"line":13,"column":69},"end":{"line":13,"column":71}},"4":{"start":{"line":13,"column":78},"end":{"line":13,"column":80}},"5":{"start":{"line":13,"column":87},"end":{"line":13,"column":89}},"6":{"start":{"line":13,"column":100},"end":{"line":13,"column":102}},"7":{"start":{"line":13,"column":118},"end":{"line":13,"column":120}},"8":{"start":{"line":14,"column":2},"end":{"line":23,"column":null}},"9":{"start":{"line":16,"column":14},"end":{"line":16,"column":null}},"10":{"start":{"line":17,"column":14},"end":{"line":19,"column":null}},"11":{"start":{"line":18,"column":16},"end":{"line":18,"column":null}},"12":{"start":{"line":21,"column":78},"end":{"line":21,"column":110}},"13":{"start":{"line":13,"column":13},"end":{"line":13,"column":56}}},"fnMap":{"0":{"name":"(anonymous_0)","decl":{"start":{"line":13,"column":56},"end":{"line":13,"column":57}},"loc":{"start":{"line":13,"column":120},"end":{"line":24,"column":1}}},"1":{"name":"(anonymous_1)","decl":{"start":{"line":15,"column":53},"end":{"line":15,"column":54}},"loc":{"start":{"line":15,"column":88},"end":{"line":20,"column":13}}},"2":{"name":"(anonymous_2)","decl":{"start":{"line":21,"column":29},"end":{"line":21,"column":30}},"loc":{"start":{"line":21,"column":73},"end":{"line":21,"column":88}}}},"branchMap":{"0":{"loc":{"start":{"line":17,"column":14},"end":{"line":19,"column":null}},"type":"if","locations":[{"start":{"line":17,"column":14},"end":{"line":19,"column":null}},{"start":{"line":17,"column":14},"end":{"line":19,"column":null}}]}},"s":{"0":0,"1":0,"2":0,"3":0,"4":0,"5":0,"6":0,"7":0,"8":0,"9":0,"10":0,"11":0,"12":0,"13":0},"f":{"0":0,"1":0,"2":0},"b":{"0":[0,0]}}
,"/Users/macpro/netflix/src/component/dumb/search-settings/search-settings.tsx": {"path":"/Users/macpro/netflix/src/component/dumb/search-settings/search-settings.tsx","statementMap":{"0":{"start":{"line":1,"column":0},"end":{"line":1,"column":30}},"1":{"start":{"line":2,"column":0},"end":{"line":2,"column":47}},"2":{"start":{"line":3,"column":0},"end":{"line":3,"column":47}},"3":{"start":{"line":4,"column":0},"end":{"line":4,"column":31}},"4":{"start":{"line":14,"column":62},"end":{"line":29,"column":1}},"5":{"start":{"line":14,"column":72},"end":{"line":14,"column":74}},"6":{"start":{"line":14,"column":81},"end":{"line":14,"column":83}},"7":{"start":{"line":14,"column":93},"end":{"line":14,"column":95}},"8":{"start":{"line":14,"column":106},"end":{"line":14,"column":108}},"9":{"start":{"line":14,"column":124},"end":{"line":14,"column":125}},"10":{"start":{"line":15,"column":2},"end":{"line":28,"column":null}},"11":{"start":{"line":14,"column":13},"end":{"line":14,"column":62}}},"fnMap":{"0":{"name":"(anonymous_0)","decl":{"start":{"line":14,"column":62},"end":{"line":14,"column":63}},"loc":{"start":{"line":14,"column":125},"end":{"line":29,"column":1}}}},"branchMap":{},"s":{"0":0,"1":0,"2":0,"3":0,"4":0,"5":0,"6":0,"7":0,"8":0,"9":0,"10":0,"11":0},"f":{"0":0},"b":{}}
,"/Users/macpro/netflix/src/component/smart/error-boundary/error-boundary.tsx": {"path":"/Users/macpro/netflix/src/component/smart/error-boundary/error-boundary.tsx","statementMap":{"0":{"start":{"line":1,"column":0},"end":{"line":1,"column":30}},"1":{"start":{"line":8,"column":60},"end":{"line":16,"column":1}},"2":{"start":{"line":8,"column":71},"end":{"line":8,"column":73}},"3":{"start":{"line":8,"column":75},"end":{"line":8,"column":77}},"4":{"start":{"line":9,"column":19},"end":{"line":9,"column":null}},"5":{"start":{"line":9,"column":25},"end":{"line":13,"column":null}},"6":{"start":{"line":15,"column":2},"end":{"line":15,"column":null}},"7":{"start":{"line":8,"column":13},"end":{"line":8,"column":60}}},"fnMap":{"0":{"name":"(anonymous_0)","decl":{"start":{"line":8,"column":60},"end":{"line":8,"column":61}},"loc":{"start":{"line":8,"column":77},"end":{"line":16,"column":1}}},"1":{"name":"(anonymous_1)","decl":{"start":{"line":9,"column":19},"end":{"line":9,"column":25}},"loc":{"start":{"line":9,"column":19},"end":{"line":9,"column":null}}}},"branchMap":{"0":{"loc":{"start":{"line":15,"column":17},"end":{"line":15,"column":25}},"type":"cond-expr","locations":[{"start":{"line":15,"column":17},"end":{"line":15,"column":25}},{"start":{"line":15,"column":28},"end":{"line":15,"column":40}}]}},"s":{"0":0,"1":0,"2":0,"3":0,"4":0,"5":0,"6":0,"7":0},"f":{"0":0,"1":0},"b":{"0":[0,0]}}
,"/Users/macpro/netflix/src/component/smart/film/film.tsx": {"path":"/Users/macpro/netflix/src/component/smart/film/film.tsx","statementMap":{"0":{"start":{"line":1,"column":0},"end":{"line":1,"column":30}},"1":{"start":{"line":2,"column":0},"end":{"line":2,"column":43}},"2":{"start":{"line":3,"column":0},"end":{"line":3,"column":72}},"3":{"start":{"line":4,"column":0},"end":{"line":4,"column":20}},"4":{"start":{"line":5,"column":0},"end":{"line":5,"column":51}},"5":{"start":{"line":6,"column":0},"end":{"line":6,"column":47}},"6":{"start":{"line":7,"column":0},"end":{"line":7,"column":41}},"7":{"start":{"line":8,"column":0},"end":{"line":8,"column":66}},"8":{"start":{"line":9,"column":0},"end":{"line":9,"column":40}},"9":{"start":{"line":10,"column":0},"end":{"line":10,"column":null}},"10":{"start":{"line":16,"column":0},"end":{"line":16,"column":42}},"11":{"start":{"line":17,"column":0},"end":{"line":17,"column":45}},"12":{"start":{"line":23,"column":42},"end":{"line":65,"column":1}},"13":{"start":{"line":23,"column":55},"end":{"line":23,"column":57}},"14":{"start":{"line":24,"column":26},"end":{"line":24,"column":69}},"15":{"start":{"line":24,"column":13},"end":{"line":24,"column":15}},"16":{"start":{"line":24,"column":22},"end":{"line":24,"column":26}},"17":{"start":{"line":25,"column":19},"end":{"line":25,"column":32}},"18":{"start":{"line":26,"column":19},"end":{"line":26,"column":30}},"19":{"start":{"line":27,"column":18},"end":{"line":27,"column":30}},"20":{"start":{"line":30,"column":24},"end":{"line":30,"column":null}},"21":{"start":{"line":30,"column":10},"end":{"line":30,"column":null}},"22":{"start":{"line":31,"column":4},"end":{"line":31,"column":null}},"23":{"start":{"line":32,"column":4},"end":{"line":32,"column":null}},"24":{"start":{"line":33,"column":28},"end":{"line":33,"column":null}},"25":{"start":{"line":33,"column":10},"end":{"line":33,"column":null}},"26":{"start":{"line":34,"column":4},"end":{"line":34,"column":null}},"27":{"start":{"line":35,"column":4},"end":{"line":35,"column":null}},"28":{"start":{"line":38,"column":2},"end":{"line":42,"column":null}},"29":{"start":{"line":39,"column":4},"end":{"line":41,"column":null}},"30":{"start":{"line":40,"column":6},"end":{"line":40,"column":null}},"31":{"start":{"line":44,"column":18},"end":{"line":48,"column":3}},"32":{"start":{"line":45,"column":4},"end":{"line":45,"column":null}},"33":{"start":{"line":46,"column":4},"end":{"line":46,"column":null}},"34":{"start":{"line":47,"column":4},"end":{"line":47,"column":null}},"35":{"start":{"line":50,"column":18},"end":{"line":58,"column":null}},"36":{"start":{"line":60,"column":2},"end":{"line":64,"column":null}},"37":{"start":{"line":23,"column":13},"end":{"line":23,"column":42}}},"fnMap":{"0":{"name":"(anonymous_13)","decl":{"start":{"line":23,"column":42},"end":{"line":23,"column":43}},"loc":{"start":{"line":23,"column":57},"end":{"line":65,"column":1}}},"1":{"name":"fetching","decl":{"start":{"line":29,"column":17},"end":{"line":29,"column":25}},"loc":{"start":{"line":29,"column":25},"end":{"line":36,"column":null}}},"2":{"name":"(anonymous_17)","decl":{"start":{"line":38,"column":12},"end":{"line":38,"column":null}},"loc":{"start":{"line":38,"column":12},"end":{"line":42,"column":3}}},"3":{"name":"(anonymous_18)","decl":{"start":{"line":44,"column":18},"end":{"line":44,"column":null}},"loc":{"start":{"line":44,"column":18},"end":{"line":48,"column":3}}}},"branchMap":{"0":{"loc":{"start":{"line":30,"column":24},"end":{"line":30,"column":null}},"type":"switch","locations":[{"start":{"line":30,"column":24},"end":{"line":30,"column":null}}]},"1":{"loc":{"start":{"line":39,"column":4},"end":{"line":41,"column":null}},"type":"if","locations":[{"start":{"line":39,"column":4},"end":{"line":41,"column":null}},{"start":{"line":39,"column":4},"end":{"line":41,"column":null}}]},"2":{"loc":{"start":{"line":51,"column":6},"end":{"line":51,"column":15}},"type":"cond-expr","locations":[{"start":{"line":51,"column":6},"end":{"line":51,"column":15}},{"start":{"line":52,"column":6},"end":{"line":58,"column":null}}]}},"s":{"0":0,"1":0,"2":0,"3":0,"4":0,"5":0,"6":0,"7":0,"8":0,"9":0,"10":0,"11":0,"12":0,"13":0,"14":0,"15":0,"16":0,"17":0,"18":0,"19":0,"20":0,"21":0,"22":0,"23":0,"24":0,"25":0,"26":0,"27":0,"28":0,"29":0,"30":0,"31":0,"32":0,"33":0,"34":0,"35":0,"36":0,"37":0},"f":{"0":0,"1":0,"2":0,"3":0},"b":{"0":[0],"1":[0,0],"2":[0,0]}}
,"/Users/macpro/netflix/src/component/smart/results/results.tsx": {"path":"/Users/macpro/netflix/src/component/smart/results/results.tsx","statementMap":{"0":{"start":{"line":1,"column":0},"end":{"line":1,"column":30}},"1":{"start":{"line":2,"column":0},"end":{"line":2,"column":43}},"2":{"start":{"line":3,"column":0},"end":{"line":3,"column":72}},"3":{"start":{"line":4,"column":0},"end":{"line":4,"column":57}},"4":{"start":{"line":5,"column":0},"end":{"line":5,"column":null}},"5":{"start":{"line":11,"column":0},"end":{"line":11,"column":41}},"6":{"start":{"line":12,"column":0},"end":{"line":12,"column":42}},"7":{"start":{"line":13,"column":0},"end":{"line":13,"column":66}},"8":{"start":{"line":14,"column":0},"end":{"line":14,"column":45}},"9":{"start":{"line":24,"column":48},"end":{"line":104,"column":1}},"10":{"start":{"line":25,"column":11},"end":{"line":25,"column":null}},"11":{"start":{"line":26,"column":13},"end":{"line":26,"column":null}},"12":{"start":{"line":27,"column":12},"end":{"line":27,"column":null}},"13":{"start":{"line":28,"column":15},"end":{"line":28,"column":null}},"14":{"start":{"line":29,"column":18},"end":{"line":29,"column":null}},"15":{"start":{"line":31,"column":30},"end":{"line":31,"column":54}},"16":{"start":{"line":31,"column":15},"end":{"line":31,"column":17}},"17":{"start":{"line":31,"column":26},"end":{"line":31,"column":30}},"18":{"start":{"line":32,"column":38},"end":{"line":32,"column":49}},"19":{"start":{"line":32,"column":19},"end":{"line":32,"column":21}},"20":{"start":{"line":32,"column":34},"end":{"line":32,"column":38}},"21":{"start":{"line":33,"column":38},"end":{"line":33,"column":49}},"22":{"start":{"line":33,"column":19},"end":{"line":33,"column":21}},"23":{"start":{"line":33,"column":34},"end":{"line":33,"column":38}},"24":{"start":{"line":34,"column":23},"end":{"line":34,"column":41}},"25":{"start":{"line":35,"column":19},"end":{"line":35,"column":32}},"26":{"start":{"line":36,"column":19},"end":{"line":36,"column":39}},"27":{"start":{"line":37,"column":18},"end":{"line":37,"column":30}},"28":{"start":{"line":39,"column":27},"end":{"line":49,"column":null}},"29":{"start":{"line":39,"column":60},"end":{"line":49,"column":null}},"30":{"start":{"line":40,"column":10},"end":{"line":40,"column":null}},"31":{"start":{"line":41,"column":10},"end":{"line":41,"column":null}},"32":{"start":{"line":42,"column":8},"end":{"line":42,"column":12}},"33":{"start":{"line":43,"column":30},"end":{"line":43,"column":null}},"34":{"start":{"line":43,"column":12},"end":{"line":43,"column":null}},"35":{"start":{"line":44,"column":6},"end":{"line":47,"column":null}},"36":{"start":{"line":45,"column":8},"end":{"line":45,"column":null}},"37":{"start":{"line":46,"column":8},"end":{"line":46,"column":null}},"38":{"start":{"line":51,"column":23},"end":{"line":58,"column":null}},"39":{"start":{"line":51,"column":45},"end":{"line":58,"column":null}},"40":{"start":{"line":52,"column":24},"end":{"line":52,"column":null}},"41":{"start":{"line":52,"column":10},"end":{"line":52,"column":null}},"42":{"start":{"line":53,"column":4},"end":{"line":53,"column":null}},"43":{"start":{"line":54,"column":4},"end":{"line":54,"column":null}},"44":{"start":{"line":55,"column":4},"end":{"line":55,"column":null}},"45":{"start":{"line":56,"column":28},"end":{"line":56,"column":null}},"46":{"start":{"line":56,"column":10},"end":{"line":56,"column":null}},"47":{"start":{"line":57,"column":4},"end":{"line":57,"column":null}},"48":{"start":{"line":60,"column":25},"end":{"line":65,"column":null}},"49":{"start":{"line":60,"column":51},"end":{"line":65,"column":null}},"50":{"start":{"line":61,"column":4},"end":{"line":61,"column":null}},"51":{"start":{"line":62,"column":21},"end":{"line":62,"column":null}},"52":{"start":{"line":62,"column":10},"end":{"line":62,"column":null}},"53":{"start":{"line":63,"column":4},"end":{"line":63,"column":null}},"54":{"start":{"line":64,"column":4},"end":{"line":64,"column":null}},"55":{"start":{"line":67,"column":2},"end":{"line":82,"column":null}},"56":{"start":{"line":68,"column":4},"end":{"line":74,"column":null}},"57":{"start":{"line":69,"column":6},"end":{"line":69,"column":null}},"58":{"start":{"line":70,"column":11},"end":{"line":74,"column":null}},"59":{"start":{"line":71,"column":6},"end":{"line":71,"column":null}},"60":{"start":{"line":73,"column":6},"end":{"line":73,"column":null}},"61":{"start":{"line":75,"column":4},"end":{"line":81,"column":null}},"62":{"start":{"line":76,"column":6},"end":{"line":76,"column":null}},"63":{"start":{"line":77,"column":11},"end":{"line":81,"column":null}},"64":{"start":{"line":78,"column":6},"end":{"line":78,"column":null}},"65":{"start":{"line":80,"column":6},"end":{"line":80,"column":null}},"66":{"start":{"line":84,"column":2},"end":{"line":103,"column":null}},"67":{"start":{"line":24,"column":13},"end":{"line":24,"column":48}}},"fnMap":{"0":{"name":"(anonymous_13)","decl":{"start":{"line":24,"column":48},"end":{"line":24,"column":49}},"loc":{"start":{"line":30,"column":1},"end":{"line":104,"column":1}}},"1":{"name":"(anonymous_14)","decl":{"start":{"line":39,"column":27},"end":{"line":39,"column":34}},"loc":{"start":{"line":39,"column":60},"end":{"line":49,"column":null}}},"2":{"name":"(anonymous_15)","decl":{"start":{"line":39,"column":60},"end":{"line":39,"column":null}},"loc":{"start":{"line":39,"column":60},"end":{"line":49,"column":null}}},"3":{"name":"(anonymous_17)","decl":{"start":{"line":51,"column":23},"end":{"line":51,"column":30}},"loc":{"start":{"line":51,"column":45},"end":{"line":58,"column":null}}},"4":{"name":"(anonymous_18)","decl":{"start":{"line":51,"column":45},"end":{"line":51,"column":null}},"loc":{"start":{"line":51,"column":45},"end":{"line":58,"column":null}}},"5":{"name":"(anonymous_20)","decl":{"start":{"line":60,"column":25},"end":{"line":60,"column":32}},"loc":{"start":{"line":60,"column":51},"end":{"line":65,"column":null}}},"6":{"name":"(anonymous_21)","decl":{"start":{"line":60,"column":51},"end":{"line":60,"column":null}},"loc":{"start":{"line":60,"column":51},"end":{"line":65,"column":null}}},"7":{"name":"(anonymous_23)","decl":{"start":{"line":67,"column":12},"end":{"line":67,"column":null}},"loc":{"start":{"line":67,"column":12},"end":{"line":82,"column":3}}}},"branchMap":{"0":{"loc":{"start":{"line":42,"column":8},"end":{"line":42,"column":12}},"type":"if","locations":[{"start":{"line":42,"column":8},"end":{"line":42,"column":12}},{"start":{"line":42,"column":8},"end":{"line":42,"column":12}}]},"1":{"loc":{"start":{"line":42,"column":8},"end":{"line":42,"column":25}},"type":"binary-expr","locations":[{"start":{"line":42,"column":8},"end":{"line":42,"column":25}},{"start":{"line":42,"column":29},"end":{"line":42,"column":42}}]},"2":{"loc":{"start":{"line":44,"column":6},"end":{"line":47,"column":null}},"type":"if","locations":[{"start":{"line":44,"column":6},"end":{"line":47,"column":null}},{"start":{"line":44,"column":6},"end":{"line":47,"column":null}}]},"3":{"loc":{"start":{"line":52,"column":24},"end":{"line":52,"column":null}},"type":"switch","locations":[{"start":{"line":52,"column":24},"end":{"line":52,"column":null}}]},"4":{"loc":{"start":{"line":68,"column":4},"end":{"line":74,"column":null}},"type":"if","locations":[{"start":{"line":68,"column":4},"end":{"line":74,"column":null}},{"start":{"line":68,"column":4},"end":{"line":74,"column":null}}]},"5":{"loc":{"start":{"line":68,"column":8},"end":{"line":68,"column":24}},"type":"binary-expr","locations":[{"start":{"line":68,"column":8},"end":{"line":68,"column":24}},{"start":{"line":68,"column":28},"end":{"line":68,"column":38}}]},"6":{"loc":{"start":{"line":70,"column":11},"end":{"line":74,"column":null}},"type":"if","locations":[{"start":{"line":70,"column":11},"end":{"line":74,"column":null}},{"start":{"line":70,"column":11},"end":{"line":74,"column":null}}]},"7":{"loc":{"start":{"line":75,"column":4},"end":{"line":81,"column":null}},"type":"if","locations":[{"start":{"line":75,"column":4},"end":{"line":81,"column":null}},{"start":{"line":75,"column":4},"end":{"line":81,"column":null}}]},"8":{"loc":{"start":{"line":75,"column":8},"end":{"line":75,"column":24}},"type":"binary-expr","locations":[{"start":{"line":75,"column":8},"end":{"line":75,"column":24}},{"start":{"line":75,"column":28},"end":{"line":75,"column":53}}]},"9":{"loc":{"start":{"line":77,"column":11},"end":{"line":81,"column":null}},"type":"if","locations":[{"start":{"line":77,"column":11},"end":{"line":81,"column":null}},{"start":{"line":77,"column":11},"end":{"line":81,"column":null}}]},"10":{"loc":{"start":{"line":77,"column":15},"end":{"line":77,"column":31}},"type":"binary-expr","locations":[{"start":{"line":77,"column":15},"end":{"line":77,"column":31}},{"start":{"line":77,"column":35},"end":{"line":77,"column":60}}]}},"s":{"0":0,"1":0,"2":0,"3":0,"4":0,"5":0,"6":0,"7":0,"8":0,"9":0,"10":0,"11":0,"12":0,"13":0,"14":0,"15":0,"16":0,"17":0,"18":0,"19":0,"20":0,"21":0,"22":0,"23":0,"24":0,"25":0,"26":0,"27":0,"28":0,"29":0,"30":0,"31":0,"32":0,"33":0,"34":0,"35":0,"36":0,"37":0,"38":0,"39":0,"40":0,"41":0,"42":0,"43":0,"44":0,"45":0,"46":0,"47":0,"48":0,"49":0,"50":0,"51":0,"52":0,"53":0,"54":0,"55":0,"56":0,"57":0,"58":0,"59":0,"60":0,"61":0,"62":0,"63":0,"64":0,"65":0,"66":0,"67":0},"f":{"0":0,"1":0,"2":0,"3":0,"4":0,"5":0,"6":0,"7":0},"b":{"0":[0,0],"1":[0,0],"2":[0,0],"3":[0],"4":[0,0],"5":[0,0],"6":[0,0],"7":[0,0],"8":[0,0],"9":[0,0],"10":[0,0]}}
,"/Users/macpro/netflix/src/component/smart/search/search.tsx": {"path":"/Users/macpro/netflix/src/component/smart/search/search.tsx","statementMap":{"0":{"start":{"line":1,"column":0},"end":{"line":1,"column":30}},"1":{"start":{"line":2,"column":0},"end":{"line":2,"column":32}},"2":{"start":{"line":3,"column":0},"end":{"line":3,"column":53}},"3":{"start":{"line":4,"column":0},"end":{"line":4,"column":86}},"4":{"start":{"line":5,"column":0},"end":{"line":5,"column":59}},"5":{"start":{"line":6,"column":0},"end":{"line":6,"column":72}},"6":{"start":{"line":7,"column":0},"end":{"line":7,"column":22}},"7":{"start":{"line":8,"column":0},"end":{"line":8,"column":45}},"8":{"start":{"line":9,"column":0},"end":{"line":9,"column":41}},"9":{"start":{"line":10,"column":0},"end":{"line":10,"column":110}},"10":{"start":{"line":11,"column":0},"end":{"line":11,"column":55}},"11":{"start":{"line":17,"column":46},"end":{"line":52,"column":1}},"12":{"start":{"line":17,"column":60},"end":{"line":17,"column":62}},"13":{"start":{"line":18,"column":32},"end":{"line":18,"column":44}},"14":{"start":{"line":18,"column":16},"end":{"line":18,"column":18}},"15":{"start":{"line":18,"column":28},"end":{"line":18,"column":32}},"16":{"start":{"line":19,"column":32},"end":{"line":19,"column":49}},"17":{"start":{"line":19,"column":16},"end":{"line":19,"column":18}},"18":{"start":{"line":19,"column":28},"end":{"line":19,"column":32}},"19":{"start":{"line":20,"column":18},"end":{"line":20,"column":30}},"20":{"start":{"line":21,"column":19},"end":{"line":21,"column":32}},"21":{"start":{"line":23,"column":27},"end":{"line":29,"column":null}},"22":{"start":{"line":23,"column":56},"end":{"line":29,"column":null}},"23":{"start":{"line":24,"column":21},"end":{"line":24,"column":null}},"24":{"start":{"line":24,"column":10},"end":{"line":24,"column":null}},"25":{"start":{"line":25,"column":4},"end":{"line":25,"column":null}},"26":{"start":{"line":26,"column":4},"end":{"line":26,"column":null}},"27":{"start":{"line":27,"column":4},"end":{"line":27,"column":null}},"28":{"start":{"line":28,"column":4},"end":{"line":28,"column":null}},"29":{"start":{"line":31,"column":2},"end":{"line":51,"column":null}},"30":{"start":{"line":17,"column":13},"end":{"line":17,"column":46}}},"fnMap":{"0":{"name":"(anonymous_13)","decl":{"start":{"line":17,"column":46},"end":{"line":17,"column":47}},"loc":{"start":{"line":17,"column":62},"end":{"line":52,"column":1}}},"1":{"name":"(anonymous_14)","decl":{"start":{"line":23,"column":27},"end":{"line":23,"column":34}},"loc":{"start":{"line":23,"column":56},"end":{"line":29,"column":null}}},"2":{"name":"(anonymous_15)","decl":{"start":{"line":23,"column":56},"end":{"line":23,"column":null}},"loc":{"start":{"line":23,"column":56},"end":{"line":29,"column":null}}}},"branchMap":{"0":{"loc":{"start":{"line":24,"column":21},"end":{"line":24,"column":null}},"type":"switch","locations":[{"start":{"line":24,"column":21},"end":{"line":24,"column":null}}]}},"s":{"0":0,"1":0,"2":0,"3":0,"4":0,"5":0,"6":0,"7":0,"8":0,"9":0,"10":0,"11":0,"12":0,"13":0,"14":0,"15":0,"16":0,"17":0,"18":0,"19":0,"20":0,"21":0,"22":0,"23":0,"24":0,"25":0,"26":0,"27":0,"28":0,"29":0,"30":0},"f":{"0":0,"1":0,"2":0},"b":{"0":[0]}}
}
